<?xml version="1.0" encoding="UTF-8"?>
<testsuite name="com.example.pet_RestAPI.rest.controller.EmployeeControllerTest" tests="1" skipped="0" failures="0" errors="0" timestamp="2025-09-10T22:44:02.731Z" hostname="DESKTOP-6TVR55P" time="0.896">
  <properties/>
  <testcase name="CreateAndDeleteEmployee()" classname="com.example.pet_RestAPI.rest.controller.EmployeeControllerTest" time="0.896"/>
  <system-out><![CDATA[2025-09-11T03:44:00.662+05:00  INFO 19320 --- [pet-RestAPI] [    Test worker] t.c.s.AnnotationConfigContextLoaderUtils : Could not detect default configuration classes for test class [com.example.pet_RestAPI.rest.controller.EmployeeControllerTest]: EmployeeControllerTest does not declare any static, non-private, non-final, nested classes annotated with @Configuration.
2025-09-11T03:44:00.695+05:00  INFO 19320 --- [pet-RestAPI] [    Test worker] .b.t.c.SpringBootTestContextBootstrapper : Found @SpringBootConfiguration com.example.pet_RestAPI.PetRestApiApplication for test class com.example.pet_RestAPI.rest.controller.EmployeeControllerTest

  .   ____          _            __ _ _
 /\\ / ___'_ __ _ _(_)_ __  __ _ \ \ \ \
( ( )\___ | '_ | '_| | '_ \/ _` | \ \ \ \
 \\/  ___)| |_)| | | | | || (_| |  ) ) ) )
  '  |____| .__|_| |_|_| |_\__, | / / / /
 =========|_|==============|___/=/_/_/_/

 :: Spring Boot ::                (v3.5.5)

2025-09-11T03:44:00.760+05:00  INFO 19320 --- [pet-RestAPI] [    Test worker] c.e.p.r.c.EmployeeControllerTest         : Starting EmployeeControllerTest using Java 17 with PID 19320 (started by AndreyBudakov in C:\Users\AndreyBudakov\IdeaProjects\pet-RestAPI)
2025-09-11T03:44:00.762+05:00  INFO 19320 --- [pet-RestAPI] [    Test worker] c.e.p.r.c.EmployeeControllerTest         : The following 1 profile is active: "test"
2025-09-11T03:44:01.478+05:00  INFO 19320 --- [pet-RestAPI] [    Test worker] .s.d.r.c.RepositoryConfigurationDelegate : Bootstrapping Spring Data JPA repositories in DEFAULT mode.
2025-09-11T03:44:01.510+05:00  INFO 19320 --- [pet-RestAPI] [    Test worker] .s.d.r.c.RepositoryConfigurationDelegate : Finished Spring Data repository scanning in 32 ms. Found 3 JPA repository interfaces.
2025-09-11T03:44:01.702+05:00  INFO 19320 --- [pet-RestAPI] [    Test worker] o.hibernate.jpa.internal.util.LogHelper  : HHH000204: Processing PersistenceUnitInfo [name: default]
2025-09-11T03:44:01.716+05:00  INFO 19320 --- [pet-RestAPI] [    Test worker] o.h.c.internal.RegionFactoryInitiator    : HHH000026: Second-level cache disabled
2025-09-11T03:44:01.730+05:00  INFO 19320 --- [pet-RestAPI] [    Test worker] o.s.o.j.p.SpringPersistenceUnitInfo      : No LoadTimeWeaver setup: ignoring JPA class transformer
2025-09-11T03:44:01.746+05:00  INFO 19320 --- [pet-RestAPI] [    Test worker] com.zaxxer.hikari.HikariDataSource       : HikariPool-2 - Starting...
2025-09-11T03:44:01.845+05:00  INFO 19320 --- [pet-RestAPI] [    Test worker] com.zaxxer.hikari.pool.HikariPool        : HikariPool-2 - Added connection org.postgresql.jdbc.PgConnection@30b5225b
2025-09-11T03:44:01.847+05:00  INFO 19320 --- [pet-RestAPI] [    Test worker] com.zaxxer.hikari.HikariDataSource       : HikariPool-2 - Start completed.
2025-09-11T03:44:01.871+05:00  INFO 19320 --- [pet-RestAPI] [    Test worker] org.hibernate.orm.connections.pooling    : HHH10001005: Database info:
	Database JDBC URL [Connecting through datasource 'HikariDataSource (HikariPool-2)']
	Database driver: undefined/unknown
	Database version: 17.6
	Autocommit mode: undefined/unknown
	Isolation level: undefined/unknown
	Minimum pool size: undefined/unknown
	Maximum pool size: undefined/unknown
2025-09-11T03:44:01.873+05:00 DEBUG 19320 --- [pet-RestAPI] [    Test worker] o.h.t.d.sql.spi.DdlTypeRegistry          : addDescriptor(2003, org.hibernate.type.descriptor.sql.internal.ArrayDdlTypeImpl@3b035d0c) replaced previous registration(org.hibernate.type.descriptor.sql.internal.ArrayDdlTypeImpl@304f4888)
2025-09-11T03:44:01.873+05:00 DEBUG 19320 --- [pet-RestAPI] [    Test worker] o.h.t.d.sql.spi.DdlTypeRegistry          : addDescriptor(6, org.hibernate.type.descriptor.sql.internal.CapacityDependentDdlType@35b97c69) replaced previous registration(org.hibernate.type.descriptor.sql.internal.DdlTypeImpl@2c07277f)
2025-09-11T03:44:01.952+05:00  INFO 19320 --- [pet-RestAPI] [    Test worker] o.h.e.t.j.p.i.JtaPlatformInitiator       : HHH000489: No JTA platform available (set 'hibernate.transaction.jta.platform' to enable JTA platform integration)
2025-09-11T03:44:01.998+05:00  INFO 19320 --- [pet-RestAPI] [    Test worker] j.LocalContainerEntityManagerFactoryBean : Initialized JPA EntityManagerFactory for persistence unit 'default'
2025-09-11T03:44:02.155+05:00  WARN 19320 --- [pet-RestAPI] [    Test worker] JpaBaseConfiguration$JpaWebConfiguration : spring.jpa.open-in-view is enabled by default. Therefore, database queries may be performed during view rendering. Explicitly configure spring.jpa.open-in-view to disable this warning
2025-09-11T03:44:02.190+05:00  INFO 19320 --- [pet-RestAPI] [    Test worker] o.s.v.b.OptionalValidatorFactoryBean     : Failed to set up a Bean Validation provider: jakarta.validation.NoProviderFoundException: Unable to create a Configuration, because no Jakarta Bean Validation provider could be found. Add a provider like Hibernate Validator (RI) to your classpath.
2025-09-11T03:44:02.641+05:00  INFO 19320 --- [pet-RestAPI] [    Test worker] o.s.b.t.m.w.SpringBootMockServletContext : Initializing Spring TestDispatcherServlet ''
2025-09-11T03:44:02.641+05:00  INFO 19320 --- [pet-RestAPI] [    Test worker] o.s.t.web.servlet.TestDispatcherServlet  : Initializing Servlet ''
2025-09-11T03:44:02.646+05:00  INFO 19320 --- [pet-RestAPI] [    Test worker] o.s.b.a.e.web.EndpointLinksResolver      : Exposing 13 endpoints beneath base path '/actuator'
2025-09-11T03:44:02.676+05:00  INFO 19320 --- [pet-RestAPI] [    Test worker] o.s.t.web.servlet.TestDispatcherServlet  : Completed initialization in 31 ms
2025-09-11T03:44:02.724+05:00  INFO 19320 --- [pet-RestAPI] [    Test worker] c.e.p.r.c.EmployeeControllerTest         : Started EmployeeControllerTest in 2.021 seconds (process running for 16.594)
2025-09-11T03:44:03.247+05:00 DEBUG 19320 --- [pet-RestAPI] [    Test worker] org.hibernate.SQL                        : 
    insert 
    into
        employee_entity
        (age, full_time, name, position, salary, specialty, id) 
    values
        (?, ?, ?, ?, ?, ?, ?)
Hibernate: 
    insert 
    into
        employee_entity
        (age, full_time, name, position, salary, specialty, id) 
    values
        (?, ?, ?, ?, ?, ?, ?)
2025-09-11T03:44:03.255+05:00 TRACE 19320 --- [pet-RestAPI] [    Test worker] org.hibernate.orm.jdbc.bind              : binding parameter (1:INTEGER) <- [25]
2025-09-11T03:44:03.255+05:00 TRACE 19320 --- [pet-RestAPI] [    Test worker] org.hibernate.orm.jdbc.bind              : binding parameter (2:BOOLEAN) <- [true]
2025-09-11T03:44:03.255+05:00 TRACE 19320 --- [pet-RestAPI] [    Test worker] org.hibernate.orm.jdbc.bind              : binding parameter (3:VARCHAR) <- [Вася]
2025-09-11T03:44:03.255+05:00 TRACE 19320 --- [pet-RestAPI] [    Test worker] org.hibernate.orm.jdbc.bind              : binding parameter (4:VARCHAR) <- [null]
2025-09-11T03:44:03.255+05:00 TRACE 19320 --- [pet-RestAPI] [    Test worker] org.hibernate.orm.jdbc.bind              : binding parameter (5:DOUBLE) <- [50000.0]
2025-09-11T03:44:03.255+05:00 TRACE 19320 --- [pet-RestAPI] [    Test worker] org.hibernate.orm.jdbc.bind              : binding parameter (6:VARCHAR) <- [Java]
2025-09-11T03:44:03.260+05:00 TRACE 19320 --- [pet-RestAPI] [    Test worker] org.hibernate.orm.jdbc.bind              : binding parameter (7:UUID) <- [7be4d96a-c2ea-4519-afb8-67f161289fcc]
2025-09-11T03:44:03.507+05:00 DEBUG 19320 --- [pet-RestAPI] [    Test worker] org.hibernate.SQL                        : 
    select
        ee1_0.id,
        ee1_0.age,
        ee1_0.full_time,
        ee1_0.name,
        ee1_0.position,
        ee1_0.salary,
        ee1_0.specialty 
    from
        employee_entity ee1_0 
    where
        ee1_0.id=?
Hibernate: 
    select
        ee1_0.id,
        ee1_0.age,
        ee1_0.full_time,
        ee1_0.name,
        ee1_0.position,
        ee1_0.salary,
        ee1_0.specialty 
    from
        employee_entity ee1_0 
    where
        ee1_0.id=?
2025-09-11T03:44:03.509+05:00 TRACE 19320 --- [pet-RestAPI] [    Test worker] org.hibernate.orm.jdbc.bind              : binding parameter (1:UUID) <- [7be4d96a-c2ea-4519-afb8-67f161289fcc]
2025-09-11T03:44:03.580+05:00 DEBUG 19320 --- [pet-RestAPI] [    Test worker] org.hibernate.SQL                        : 
    delete 
    from
        employee_entity 
    where
        id=?
Hibernate: 
    delete 
    from
        employee_entity 
    where
        id=?
2025-09-11T03:44:03.580+05:00 TRACE 19320 --- [pet-RestAPI] [    Test worker] org.hibernate.orm.jdbc.bind              : binding parameter (1:UUID) <- [7be4d96a-c2ea-4519-afb8-67f161289fcc]
]]></system-out>
  <system-err><![CDATA[]]></system-err>
</testsuite>
